This file contains any messages produced by compilers while
running configure, to aid debugging if configure makes a mistake.

It was created by cmoc configure 0.1.90, which was
generated by GNU Autoconf 2.69.  Invocation command line was

  $ ./configure 

## --------- ##
## Platform. ##
## --------- ##

hostname = coffee-table
uname -m = x86_64
uname -r = 6.12.6-1-cachyos
uname -s = Linux
uname -v = #1 SMP PREEMPT_DYNAMIC Sat, 21 Dec 2024 12:34:14 +0000

/usr/bin/uname -p = unknown
/bin/uname -X     = unknown

/bin/arch              = unknown
/usr/bin/arch -k       = unknown
/usr/convex/getsysinfo = unknown
/usr/bin/hostinfo      = unknown
/bin/machine           = unknown
/usr/bin/oslevel       = unknown
/bin/universe          = unknown

PATH: /home/jay/.local/bin
PATH: /usr/local/bin
PATH: /usr/bin


## ----------- ##
## Core tests. ##
## ----------- ##

configure:1935: checking for a BSD-compatible install
configure:2003: result: /usr/bin/install -c
configure:2014: checking whether build environment is sane
configure:2069: result: yes
configure:2220: checking for a thread-safe mkdir -p
configure:2259: result: /usr/bin/mkdir -p
configure:2266: checking for gawk
configure:2282: found /usr/bin/gawk
configure:2293: result: gawk
configure:2304: checking whether make sets $(MAKE)
configure:2326: result: yes
configure:2355: checking whether make supports nested variables
configure:2372: result: yes
configure:2510: checking whether to enable debugging
configure:2572: result: no
configure:2660: checking for g++
configure:2676: found /usr/bin/g++
configure:2687: result: g++
configure:2714: checking for C++ compiler version
configure:2723: g++ --version >&5
g++ (GCC) 14.2.1 20240910
Copyright (C) 2024 Free Software Foundation, Inc.
This is free software; see the source for copying conditions.  There is NO
warranty; not even for MERCHANTABILITY or FITNESS FOR A PARTICULAR PURPOSE.

configure:2734: $? = 0
configure:2723: g++ -v >&5
Using built-in specs.
COLLECT_GCC=g++
COLLECT_LTO_WRAPPER=/usr/lib/gcc/x86_64-pc-linux-gnu/14.2.1/lto-wrapper
Target: x86_64-pc-linux-gnu
Configured with: /build/gcc/src/gcc/configure --enable-languages=ada,c,c++,d,fortran,go,lto,m2,objc,obj-c++,rust --enable-bootstrap --prefix=/usr --libdir=/usr/lib --libexecdir=/usr/lib --mandir=/usr/share/man --infodir=/usr/share/info --with-bugurl=https://gitlab.archlinux.org/archlinux/packaging/packages/gcc/-/issues --with-build-config=bootstrap-lto --with-linker-hash-style=gnu --with-system-zlib --enable-__cxa_atexit --enable-cet=auto --enable-checking=release --enable-clocale=gnu --enable-default-pie --enable-default-ssp --enable-gnu-indirect-function --enable-gnu-unique-object --enable-libstdcxx-backtrace --enable-link-serialization=1 --enable-linker-build-id --enable-lto --enable-multilib --enable-plugin --enable-shared --enable-threads=posix --disable-libssp --disable-libstdcxx-pch --disable-werror
Thread model: posix
Supported LTO compression algorithms: zlib zstd
gcc version 14.2.1 20240910 (GCC) 
configure:2734: $? = 0
configure:2723: g++ -V >&5
g++: error: unrecognized command-line option '-V'
g++: fatal error: no input files
compilation terminated.
configure:2734: $? = 1
configure:2723: g++ -qversion >&5
g++: error: unrecognized command-line option '-qversion'; did you mean '--version'?
g++: fatal error: no input files
compilation terminated.
configure:2734: $? = 1
configure:2754: checking whether the C++ compiler works
configure:2776: g++    conftest.cpp  >&5
configure:2780: $? = 0
configure:2828: result: yes
configure:2831: checking for C++ compiler default output file name
configure:2833: result: a.out
configure:2839: checking for suffix of executables
configure:2846: g++ -o conftest    conftest.cpp  >&5
configure:2850: $? = 0
configure:2872: result: 
configure:2894: checking whether we are cross compiling
configure:2902: g++ -o conftest    conftest.cpp  >&5
configure:2906: $? = 0
configure:2913: ./conftest
configure:2917: $? = 0
configure:2932: result: no
configure:2937: checking for suffix of object files
configure:2959: g++ -c   conftest.cpp >&5
configure:2963: $? = 0
configure:2984: result: o
configure:2988: checking whether we are using the GNU C++ compiler
configure:3007: g++ -c   conftest.cpp >&5
configure:3007: $? = 0
configure:3016: result: yes
configure:3025: checking whether g++ accepts -g
configure:3045: g++ -c -g  conftest.cpp >&5
configure:3045: $? = 0
configure:3086: result: yes
configure:3112: checking whether make supports the include directive
configure:3127: make -f confmf.GNU && cat confinc.out
this is the am__doit target
configure:3130: $? = 0
configure:3149: result: yes (GNU style)
configure:3174: checking dependency style of g++
configure:3285: result: gcc3
configure:3322: checking whether g++ supports C++11 features with -std=gnu++11
configure:3620: g++ -std=gnu++11 -c   conftest.cpp >&5
configure:3620: $? = 0
configure:3629: result: yes
configure:3667: checking maximum warning verbosity option
configure:3688: result: -W -Wall for C++
configure:3699: checking if C++ compiler supports -Wsuggest-override
configure:3707: g++ -std=gnu++11 -c -Wsuggest-override  conftest.cpp >&5
configure:3707: $? = 0
configure:3709: result: yes
configure:3728: checking for grep
configure:3744: found /usr/bin/grep
configure:3755: result: grep
configure:3765: checking for egrep
configure:3781: found /usr/bin/egrep
configure:3792: result: egrep
configure:3802: checking for env
configure:3818: found /usr/bin/env
configure:3829: result: env
configure:3839: checking for head
configure:3855: found /usr/bin/head
configure:3866: result: head
configure:3876: checking for tail
configure:3892: found /usr/bin/tail
configure:3903: result: tail
configure:3913: checking for hexdump
configure:3929: found /usr/bin/hexdump
configure:3940: result: hexdump
configure:3950: checking for strings
configure:3966: found /usr/bin/strings
configure:3977: result: strings
configure:3993: checking for perl
configure:4009: found /usr/bin/perl
configure:4020: result: perl
configure:4033: checking for perl module strict
configure:4042: result: ok
configure:4062: checking for Mac OS X
configure:4071: result: no: uname -a not recognized as Darwin
configure:4084: checking for lwasm
configure:4112: result: no
configure:4121: error: The LWTOOLS lwasm assembler (>= 4.11) is required. See the CMOC home page.

## ---------------- ##
## Cache variables. ##
## ---------------- ##

ac_cv_cxx_compiler_gnu=yes
ac_cv_env_CCC_set=
ac_cv_env_CCC_value=
ac_cv_env_CPPFLAGS_set=
ac_cv_env_CPPFLAGS_value=
ac_cv_env_CXXFLAGS_set=
ac_cv_env_CXXFLAGS_value=
ac_cv_env_CXX_set=
ac_cv_env_CXX_value=
ac_cv_env_LDFLAGS_set=
ac_cv_env_LDFLAGS_value=
ac_cv_env_LIBS_set=
ac_cv_env_LIBS_value=
ac_cv_env_YACC_set=
ac_cv_env_YACC_value=
ac_cv_env_YFLAGS_set=
ac_cv_env_YFLAGS_value=
ac_cv_env_build_alias_set=
ac_cv_env_build_alias_value=
ac_cv_env_host_alias_set=
ac_cv_env_host_alias_value=
ac_cv_env_target_alias_set=
ac_cv_env_target_alias_value=
ac_cv_objext=o
ac_cv_path_install='/usr/bin/install -c'
ac_cv_path_mkdir=/usr/bin/mkdir
ac_cv_prog_AWK=gawk
ac_cv_prog_EGREP=egrep
ac_cv_prog_ENV=env
ac_cv_prog_GREP=grep
ac_cv_prog_HEAD=head
ac_cv_prog_HEXDUMP=hexdump
ac_cv_prog_LWASM=no
ac_cv_prog_PERL=perl
ac_cv_prog_STRINGS=strings
ac_cv_prog_TAIL=tail
ac_cv_prog_ac_ct_CXX=g++
ac_cv_prog_cxx_g=yes
ac_cv_prog_make_make_set=yes
am_cv_CXX_dependencies_compiler_type=gcc3
am_cv_make_support_nested_variables=yes
ax_cv_cxx_compile_cxx11__std_gnupp11=yes

## ----------------- ##
## Output variables. ##
## ----------------- ##

ACLOCAL='${SHELL} "/home/jay/Downloads/6809 Stuff/cmoc-0.1.90/missing" aclocal-1.16'
AMDEPBACKSLASH='\'
AMDEP_FALSE='#'
AMDEP_TRUE=''
AMTAR='$${TAR-tar}'
AM_BACKSLASH='\'
AM_DEFAULT_V='$(AM_DEFAULT_VERBOSITY)'
AM_DEFAULT_VERBOSITY='1'
AM_V='$(V)'
AUTOCONF='${SHELL} "/home/jay/Downloads/6809 Stuff/cmoc-0.1.90/missing" autoconf'
AUTOHEADER='${SHELL} "/home/jay/Downloads/6809 Stuff/cmoc-0.1.90/missing" autoheader'
AUTOMAKE='${SHELL} "/home/jay/Downloads/6809 Stuff/cmoc-0.1.90/missing" automake-1.16'
AWK='gawk'
BUILD_WRITECOCOFILE_FALSE=''
BUILD_WRITECOCOFILE_TRUE=''
CPPFLAGS=''
CXX='g++ -std=gnu++11'
CXXDEPMODE='depmode=gcc3'
CXXFLAGS=' -W -Wall'
CYGPATH_W='echo'
DEFS=''
DEPDIR='.deps'
DISTRIBUTE_FLOATABLE_FALSE=''
DISTRIBUTE_FLOATABLE_TRUE=''
ECHO_C=''
ECHO_N='-n'
ECHO_T=''
EGREP='egrep'
ENV='env'
EXEEXT=''
GREP='grep'
HAVE_CXX11='1'
HEAD='head'
HEXDUMP='hexdump'
INSTALL_DATA='${INSTALL} -m 644'
INSTALL_PROGRAM='${INSTALL}'
INSTALL_SCRIPT='${INSTALL}'
INSTALL_STRIP_PROGRAM='$(install_sh) -c -s'
LDFLAGS=''
LEX=''
LEXLIB=''
LEX_OUTPUT_ROOT=''
LIBOBJS=''
LIBS=''
LTLIBOBJS=''
LWAR=''
LWASM='no'
LWLINK=''
MAKEINFO='${SHELL} "/home/jay/Downloads/6809 Stuff/cmoc-0.1.90/missing" makeinfo'
MANUAL_DATE_EN='January 3rd, 2025'
MKDIR_P='/usr/bin/mkdir -p'
OBJEXT='o'
PACKAGE='cmoc'
PACKAGE_BUGREPORT=''
PACKAGE_FULL_NAME='CMOC'
PACKAGE_NAME='cmoc'
PACKAGE_STRING='cmoc 0.1.90'
PACKAGE_SUMMARY_EN='6809-generating cross-compiler for a subset of the C language'
PACKAGE_SUMMARY_FR='Compilateur C partiel pour le 6809'
PACKAGE_TARNAME='cmoc'
PACKAGE_URL=''
PACKAGE_VERSION='0.1.90'
PATH_SEPARATOR=':'
PERL='perl'
SET_MAKE=''
SHELL='/bin/sh'
STRINGS='strings'
STRIP=''
TAIL='tail'
VERSION='0.1.90'
W_SUGGEST_OVERRIDE='-Wsuggest-override'
YACC=''
YFLAGS=''
ac_ct_CXX='g++'
am__EXEEXT_FALSE=''
am__EXEEXT_TRUE=''
am__fastdepCXX_FALSE='#'
am__fastdepCXX_TRUE=''
am__include='include'
am__isrc=''
am__leading_dot='.'
am__nodep='_no'
am__quote=''
am__tar='$${TAR-tar} chof - "$$tardir"'
am__untar='$${TAR-tar} xf -'
bindir='${exec_prefix}/bin'
build_alias=''
datadir='${datarootdir}'
datarootdir='${prefix}/share'
docdir='${datarootdir}/doc/${PACKAGE_TARNAME}'
dvidir='${docdir}'
exec_prefix='NONE'
host_alias=''
htmldir='${docdir}'
includedir='${prefix}/include'
infodir='${datarootdir}/info'
install_sh='${SHELL} '\''/home/jay/Downloads/6809 Stuff/cmoc-0.1.90/install-sh'\'''
libdir='${exec_prefix}/lib'
libexecdir='${exec_prefix}/libexec'
localedir='${datarootdir}/locale'
localstatedir='${prefix}/var'
mandir='${datarootdir}/man'
mkdir_p='$(MKDIR_P)'
oldincludedir='/usr/include'
pdfdir='${docdir}'
prefix='NONE'
program_transform_name='s,x,x,'
psdir='${docdir}'
runstatedir='${localstatedir}/run'
sbindir='${exec_prefix}/sbin'
sharedstatedir='${prefix}/com'
sysconfdir='${prefix}/etc'
target_alias=''

## ----------- ##
## confdefs.h. ##
## ----------- ##

/* confdefs.h */
#define PACKAGE_NAME "cmoc"
#define PACKAGE_TARNAME "cmoc"
#define PACKAGE_VERSION "0.1.90"
#define PACKAGE_STRING "cmoc 0.1.90"
#define PACKAGE_BUGREPORT ""
#define PACKAGE_URL ""
#define PACKAGE "cmoc"
#define VERSION "0.1.90"
#define NDEBUG 1
#define HAVE_CXX11 1

configure: exit 1
