                      ;*** kernel.asm ************************
                      ;*      _                        _                           
                      ;*     | | _____ _ __ _ __   ___| |       __ _ ___ _ __ ___  
                      ;*     | |/ / _ \ '__| '_ \ / _ \ |      / _` / __| '_ ` _ \ 
                      ;*     |   <  __/ |  | | | |  __/ |  _  | (_| \__ \ | | | | |
                      ;*     |_|\_\___|_|  |_| |_|\___|_| (_)  \__,_|___/_| |_| |_|
                      ;*                
                      ;* Released under the GPL v3.0 License.
                      ;* Original Author: Jay Faries (warte67)                                           
                      ;*****************************
                      
0000                                          INCLUDE "Memory_Map.asm"
                      ;*** Memory_Map.asm *************************************************
                      ;*    __  __                                     __  __                                 
                      ;*   |  \/  |                                   |  \/  |                                
                      ;*   | \  / | ___ _ __ ___   ___  _ __ _   _    | \  / | __ _ _ __   __ _ ___ _ __ ___  
                      ;*   | |\/| |/ _ \ '_ ` _ \ / _ \| '__| | | |   | |\/| |/ _` | '_ \ / _` / __| '_ ` _ \ 
                      ;*   | |  | |  __/ | | | | | (_) | |  | |_| |   | |  | | (_| | |_) | (_| \__ \ | | | | |
                      ;*   |_|  |_|\___|_| |_| |_|\___/|_|   \__, |   |_|  |_|\__,_| .__(_)__,_|___/_| |_| |_|
                      ;*                                      __/ |_____           | |                        
                      ;*                                     |___/______|          |_|                        
                      ;*
                      ;* 6809 Assembly Memory Map Definition File
                      ;*
                      ;* Released under the GPL v3.0 License.
                      ;* Original Author: Jay Faries (warte67)
                      ;*
                      ;************************************
                      
                      
                      
                      ;   **********************************************
                      ;   * Allocated 64k Memory Mapped System Symbols *
                      ;   **********************************************
                      ;
                      
0000                  SOFT_VECTORS_DEVICE   equ    $0000    ; START: Software Interrupt Vectors
0000                  SOFT_EXEC             equ    $0000    ; Exec Software Interrupt Vector
0002                  SOFT_SWI3             equ    $0002    ; SWI3 Software Interrupt Vector
0004                  SOFT_SWI2             equ    $0004    ; SWI2 Software Interrupt Vector
0006                  SOFT_FIRQ             equ    $0006    ; FIRQ Software Interrupt Vector
0008                  SOFT_IRQ              equ    $0008    ; IRQ Software Interrupt Vector
000A                  SOFT_SWI              equ    $000A    ; SWI / SYS Software Interrupt Vector
000C                  SOFT_NMI              equ    $000C    ; NMI Software Interrupt Vector
000E                  SOFT_RESET            equ    $000E    ; RESET Software Interrupt Vector
                      ; _______________________________________________________________________
                      
0010                  SYSTEM_MEMORY_DEVICE  equ    $0010    ; START: System Memory
0010                  ZERO_PAGE             equ    $0010    ; Zero Page System and User Variables
00FF                  ZERO_PAGE_END         equ    $00FF    ; Zero Page System and User Variables
0100                  FIO_LN_EDT_BUFFER     equ    $0100    ; START: Line Edit Character Buffer
01FF                  FIO_LN_EDT_END        equ    $01FF    ; END: Line Edit Character Buffer
0200                  SYSTEM_STACK          equ    $0200    ; Bottom of System Stack Spcace
03FF                  SSTACK_END            equ    $03FF    ; END: System Stack Space
0400                  SSTACK_TOP            equ    $0400    ; TOP: System Stack Space
                      ; _______________________________________________________________________
                      
0400                  VIDEO_BUFFER_DEVICE   equ    $0400    ; START: Video Buffer (8K)
0400                  VIDEO_START           equ    $0400    ; Start of standard video buffer
23FF                  VIDEO_END             equ    $23FF    ; End of standard video buffer
2400                  VIDEO_TOP             equ    $2400    ; Top of standard video buffer
                      ; _______________________________________________________________________
                      
2400                  USER_MEMORY_DEVICE    equ    $2400    ; START: User Memory (34K)
2400                  USER_RAM              equ    $2400    ; User Accessable RAM
AFFF                  USER_RAM_END          equ    $AFFF    ; End User Accessable RAM
B000                  USER_RAM_TOP          equ    $B000    ; Top User Accessable RAM
                      ; _______________________________________________________________________
                      
B000                  BANKED_MEMORY_REGION  equ    $B000    ; START: Banked Memory Region (16K)
B000                  BANKMEM_ONE           equ    $B000    ; Banked Memory Page One (8K)
D000                  BANKMEM_TWO           equ    $D000    ; Banked Memory Page Two (8K)
EFFF                  BANKMEM_END           equ    $EFFF    ; End of Banked Memory Region
F000                  BANKMEM_TOP           equ    $F000    ; TOP of Banked Memory Region
                      ; _______________________________________________________________________
                      
F000                  KERNEL_ROM_DEVICE     equ    $F000    ; START: Kernel Rom (3.5K)
F000                  KERNEL_START          equ    $F000    ; Start of Kernel Rom Space
FDFF                  KERNEL_END            equ    $FDFF    ; End of Kernel Rom Space
FE00                  KERNEL_TOP            equ    $FE00    ; Top of Kernel Rom Space
                      ; _______________________________________________________________________
                      
FE00                  SYS_DEVICE            equ    $FE00    ; START: System and Debug Hardware Registers:
FE00                  SYS_BEGIN             equ    $FE00    ; Start of System Registers
FE00                  SYS_STATE             equ    $FE00    ; (Byte) System State Register
                                                            ; SYS_STATE: ABCD.SSSS                          
                                                            ; - bit  7   = Error: Standard Buffer Overflow  
                                                            ; - bit  6   = Error: Extended Buffer Overflow  
                                                            ; - bit  5   = Error: Reserved                  
                                                            ; - bit  4   = Error: Reserved                  
                                                            ; - bits 0-3 = CPU Speed (0-15):                
                                                            ;    0 ($0)  = CPU Clock   10 kHz 
                                                            ;    1 ($1)  = CPU Clock   25 kHz 
                                                            ;    2 ($2)  = CPU Clock   50 kHz 
                                                            ;    3 ($3)  = CPU Clock   75 kHz 
                                                            ;    4 ($4)  = CPU Clock  100 kHz 
                                                            ;    5 ($5)  = CPU Clock  150 kHz 
                                                            ;    6 ($6)  = CPU Clock  225 kHz 
                                                            ;    7 ($7)  = CPU Clock  350 kHz 
                                                            ;    8 ($8)  = CPU Clock  500 kHz 
                                                            ;    9 ($9)  = CPU Clock  750 kHz 
                                                            ;   10 ($A)  = CPU Clock  900 kHz 
                                                            ;   11 ($B)  = CPU Clock 1000 khz 
                                                            ;   12 ($C)  = CPU Clock 2000 khz 
                                                            ;   13 ($D)  = CPU Clock 3000 khz 
                                                            ;   14 ($E)  = CPU Clock 4000 khz 
                                                            ;   15 ($F)  = CPU Clock ~10.0 mhz. (unmetered) 
                                                            ; 
FE01                  SYS_SPEED             equ    $FE01    ; (Word) Average CPU Clock Speed (Read Only)
FE03                  SYS_CLOCK_DIV         equ    $FE03    ; (Byte) 60 hz Clock Divider Register (Read Only)
                                                            ; - bit 7: 0.546875 hz
                                                            ; - bit 6: 1.09375 hz
                                                            ; - bit 5: 2.1875 hz
                                                            ; - bit 4: 4.375 hz
                                                            ; - bit 3: 8.75 hz
                                                            ; - bit 2: 17.5 hz
                                                            ; - bit 1: 35.0 hz
                                                            ; - bit 0: 70.0 hz
                                                            ; 
FE04                  SYS_UPDATE_COUNT      equ    $FE04    ; (DWord) Update Count (Read Only)
FE08                  SYS_DBG_BRK_ADDR      equ    $FE08    ; (Word) Address of current debug breakpoint
FE0A                  SYS_DBG_FLAGS         equ    $FE0A    ; (Byte) Debug Specific Hardware Flags:
                                                            ; - bit 7: Debug Enable
                                                            ; - bit 6: Single Step Enable
                                                            ; - bit 5: Clear All Breakpoints
                                                            ; - bit 4: Update Breakpoint at DEBUG_BRK_ADDR
                                                            ; - bit 3: FIRQ  (on low {0} to high {1} edge)
                                                            ; - bit 2: IRQ   (on low {0} to high {1} edge)
                                                            ; - bit 1: NMI   (on low {0} to high {1} edge)
                                                            ; - bit 0: RESET (on low {0} to high {1} edge)
                                                            ; 
FE0A                  SYS_END               equ    $FE0A    ; End of System Registers
FE0B                  SYS_TOP               equ    $FE0B    ; Top of System Registers
                      ; _______________________________________________________________________
                      
FE0B                  GPU_DEVICE            equ    $FE0B    ; START: GPU Device Hardware Registers
FE0B                  GPU_OPTIONS           equ    $FE0B    ; (Byte) Bitflag Enables
                                                            ; - bit 7    = Extended Bitmap:
                                                            ;               0: Tilemap Display
                                                            ;               1: Bitmap Display
                                                            ; - bits 5-6 = Extended Color Mode:
                                                            ;               00: 2-Colors
                                                            ;               01: 4-Colors
                                                            ;               10: 16-Colors
                                                            ;               11: 256-Colors
                                                            ; - bits 4   = Extended Display Enable
                                                            ;               0: Disabled
                                                            ;               1: Enabled
                                                            ; - bits 3   = Emulation Screen Mode
                                                            ;               (temporary)
                                                            ;               0: Windowed
                                                            ;               1: Fullscreen
                                                            ; - bits 2   = VSync Enable
                                                            ;               0: Disabled
                                                            ;               1: Enabled
                                                            ; - bit  1   = Presentation
                                                            ;               0: Overscan / Stretch
                                                            ;               1: Letterbox
                                                            ; - bit  0   = Standard Display Enable
                                                            ;               0: Disabled
                                                            ;               1: Enabled
                                                            ; 
FE0C                  GPU_MODE              equ    $FE0C    ; (Byte) Standard Display Mode
                                                            ; - bit 7    = Standard Bitmap:
                                                            ;               0: Text Display
                                                            ;               1: Bitmap Display
                                                            ; - bits 5-6 = Standard Color Mode:
                                                            ;               00: 2-Colors
                                                            ;               01: 4-Colors
                                                            ;               10: 16-Colors
                                                            ;               11: 256-Colors
                                                            ; - bits 0-4 = Display Mode (0-31)
                                                            ; 
FE0D                  GPU_VIDEO_MAX         equ    $FE0D    ; (Word) Video Buffer Maximum (Read Only)
                                                            ;  Note: This will change to reflect
                                                            ;        the size of the last cpu
                                                            ;        accessible memory location
                                                            ;        of the currently active
                                                            ;        standard video mode.
                                                            ; 
FE0F                  GPU_HRES              equ    $FE0F    ; (Word) Horizontal Pixel Resolution (Read Only)
                                                            ;   Note: This will reflect the number of
                                                            ;        pixel columns for bitmap modes.
                                                            ; 
FE11                  GPU_VRES              equ    $FE11    ; (Word) Vertical Pixel Resolution (Read Only)
                                                            ;   Note: This will reflect the number of
                                                            ;        pixel rows for bitmap modes.
                                                            ; 
FE13                  GPU_TCOLS             equ    $FE13    ; (Byte) Text Horizontal Columns (Read Only)
                                                            ;   Note: This will reflect the number of
                                                            ;        glyph columns for text modes.
                                                            ; 
FE15                  GPU_TROWS             equ    $FE15    ; (Byte) Text Vertical Rows (Read Only)
                                                            ;   Note: This will reflect the number of
                                                            ;        glyph rows for text modes.
                                                            ; 
FE17                  GPU_PAL_INDEX         equ    $FE17    ; (Byte) Color Palette Index
                                                            ;   Note: Use this register to set the
                                                            ;        index into the Color Palette.
                                                            ;        Set this value prior referencing
                                                            ;        the color data (GPU_PAL_COLOR).
                                                            ; 
FE18                  GPU_PAL_COLOR         equ    $FE18    ; (Word) Color Palette Data (A4R4G4B4 format)
                                                            ;   Note: This is the color data for an
                                                            ;        individual palette entry. Write to 
                                                            ;        DSP_PAL_IDX with the index within the
                                                            ;        color palette prior to reading or
                                                            ;        writing the color data in the
                                                            ;        GFX_PAL_CLR register.
                                                            ; 
FE1A                  GPU_GLYPH_IDX         equ    $FE1A    ; (Byte) Text Glyph Index
                                                            ;   Note: Use this register to set the
                                                            ;        index of a specific text glyph.
                                                            ;        Set this value prior to updating
                                                            ;        the glyph data (GPU_GLYPH_DATA).
                                                            ; 
FE1B                  GPU_GLYPH_DATA        equ    $FE1B    ; (8-Bytes) 8 rows of binary encoded glyph pixel data
                                                            ;   Note: This is the pixel data for a
                                                            ;        specific text glyph. Each 8x8
                                                            ;        text glyph is composed of 8 bytes.
                                                            ;        The first byte in this array
                                                            ;        represents the top line of 8 pixels.
                                                            ;        Each array entry represents a row of 8 pixels.
                                                            ; 
FE22                  GPU_END               equ    $FE22    ; End of GPU Register Space
FE23                  GPU_TOP               equ    $FE23    ; Top of GPU Register Space
                      ; _______________________________________________________________________
                      
FE23                  CSR_DEVICE            equ    $FE23    ; START: Mouse Device Hardware Registers
FE23                  CSR_XPOS              equ    $FE23    ; (Word) Horizontal Mouse Cursor Coordinate
FE25                  CSR_YPOS              equ    $FE25    ; (Word) Vertical Mouse Cursor Coordinate
FE27                  CSR_XOFS              equ    $FE27    ; (Byte) Horizontal Mouse Cursor Offset
FE28                  CSR_YOFS              equ    $FE28    ; (Byte) Vertical Mouse Cursor Offset
FE29                  CSR_SCROLL            equ    $FE29    ; (char) MouseWheel Scroll: -1, 0, 1
FE2A                  CSR_FLAGS             equ    $FE2A    ; (Byte) Mouse Device State Flags
                                                            ;    bits 0-4: button states
                                                            ;    bits 5-6: number of clicks
                                                            ;    bits 7:   cursor enable
                                                            ; 
FE2B                  CSR_BMP_INDX          equ    $FE2B    ; (Byte) Mouse Cursor Bitmap Pixel Offset
FE2C                  CSR_BMP_DATA          equ    $FE2C    ; (Byte) Mouse Cursor Bitmap Pixel Color Data ($0-$F)
FE2D                  CSR_PAL_INDX          equ    $FE2D    ; (Byte) Mouse Cursor Color Palette Index (0-15)
FE2E                  CSR_PAL_DATA          equ    $FE2E    ; (Word) Mouse Cursor Color Palette Data A4R4G4B4
FE2F                  CSR_END               equ    $FE2F    ; End of Mouse Device Register Space
FE30                  CSR_TOP               equ    $FE30    ; Top of CSR Register Space
                      ; _______________________________________________________________________
                      
FE30                  KEYBOARD_DEVICE       equ    $FE30    ; START: Keyboard Device Hardware Registers
FE30                  CHAR_Q_LEN            equ    $FE30    ; (Byte) Number of Characters Waiting in Queue   (Read Only)
FE31                  CHAR_SCAN             equ    $FE31    ; (Byte) Read Next Character in Queue (Not Popped When Read)
FE32                  CHAR_POP              equ    $FE32    ; (Byte) Read Next Character in Queue     (Popped When Read)
FE33                  XKEY_BUFFER           equ    $FE33    ; (16 Bytes) 128 bits for XK_KEY data buffer     (Read Only)
FE43                  EDT_BFR_CSR           equ    $FE43    ; (Byte) Cursor Position Within Edit Buffer     (Read/Write)
FE44                  EDT_ENABLE            equ    $FE44    ; (Byte) Line Editor Enable Flag                (Read/Write)
FE45                  EDT_BFR_LEN           equ    $FE45    ; (Byte) Limit the Line Editor to This Length   (Read/Write)
FE45                  KEYBOARD_END          equ    $FE45    ; End of Keyboard Register Space
FE46                  KEYBOARD_TOP          equ    $FE46    ; Top of Keyboard Register Space
                      ; _______________________________________________________________________
                      
FE46                  JOYSTICK_DEVICE       equ    $FE46    ; START: Joystick/Gamepad Controller Device Hardware Registers
FE46                  JOYS_1_FLAGS          equ    $FE46    ; (Byte) Gamepad/Joystick #1 Condition Flags:     (Read Only)
                                                            ;            0000'0000: Not Connected
                                                            ;            0000'1111: Controller Type
                                                            ;            0001'0000: (reserved)
                                                            ;            0010'0000: (reserved)
                                                            ;            0100'0000: Is a Gamepad
                                                            ;            1000'0000: Is a Joystick
                                                            ; 
                                                            ;        Gamepad Controller Type (bits 0-3):
                                                            ;            0:  Unknown
                                                            ;            1:  Standard
                                                            ;            2:  Xbox360
                                                            ;            3:  XboxOne
                                                            ;            4:  PS3
                                                            ;            5:  PS4
                                                            ;            6:  PS5
                                                            ;            7:  Nintendo Switch Pro
                                                            ;            8:  Nintendo Switch Joycon Left
                                                            ;            9:  Nintendo Switch Joycon Right
                                                            ; 
                                                            ;        Joystick Controller Type (bits 0-3):
                                                            ;            0:  Unknown
                                                            ;            1:  Gamepad
                                                            ;            2:  Wheel
                                                            ;            3:  Arcade Stick
                                                            ;            4:  Flight Stick
                                                            ;            5:  Dance Pad
                                                            ;            6:  Guitar
                                                            ;            7:  Drum Kit
                                                            ;            8:  Arcade Pad
                                                            ;            9:  Throttle
                                                            ; 
FE47                  JOYS_1_BTN            equ    $FE47    ; (Word) Gamepad Controller Button Bits:         (Read Only)
                                                            ;            0000'0000'0000'0000 = Nothing Pressed
                                                            ;            0000'0000'0000'0001 = A
                                                            ;            0000'0000'0000'0010 = B
                                                            ;            0000'0000'0000'0100 = X
                                                            ;            0000'0000'0000'1000 = Y
                                                            ;            0000'0000'0001'0000 = L.Shoulder
                                                            ;            0000'0000'0010'0000 = R.Shoulder
                                                            ;            0000'0000'0100'0000 = Back
                                                            ;            0000'0000'1000'0000 = Start
                                                            ;            0000'0001'0000'0000 = Misc 1
                                                            ;            0000'0010'0000'0000 = Misc 2
                                                            ;            0000'0100'0000'0000 = Misc 3
                                                            ;            0000'1000'0000'0000 = Guide
                                                            ;            0001'0000'0000'0000 = DPad Up   
                                                            ;            0010'0000'0000'0000 = DPad Down 
                                                            ;            0100'0000'0000'0000 = DPad Left 
                                                            ;            1000'0000'0000'0000 = DPad Right
                                                            ;            1111'1111'1111'1111 = Not Connected
                                                            ; 
FE49                  JOYS_1_DBND           equ    $FE49    ; (Byte) PAD 1 analog deadband; default is 5   (read/write)
FE4A                  JOYS_1_LTX            equ    $FE4A    ; (char) PAD 1 LThumb-X position (-128 _ +127)   (realtime)
FE4B                  JOYS_1_LTY            equ    $FE4B    ; (char) PAD 1 LThumb-Y position (-128 _ +127)   (realtime)
FE4C                  JOYS_1_RTX            equ    $FE4C    ; (char) PAD 1 RThumb-X position (-128 _ +127)   (realtime)
FE4D                  JOYS_1_RTY            equ    $FE4D    ; (char) PAD 1 RThumb-Y position (-128 _ +127)   (realtime)
FE4E                  JOYS_1_Z1             equ    $FE4E    ; (char) PAD 1 left analog trigger (0 - 127)     (realtime)
FE4F                  JOYS_1_Z2             equ    $FE4F    ; (char) PAD 1 left analog trigger (0 - 127)     (realtime)
                                                            ; 
FE50                  JOYS_2_FLAGS          equ    $FE50    ; (Byte) Gamepad/Joystick #2 Condition Flags:     (Read Only)
                                                            ;            0000'0000: Not Connected
                                                            ;            0000'1111: Controller Type
                                                            ;            0001'0000: (reserved)
                                                            ;            0010'0000: (reserved)
                                                            ;            0100'0000: Is a Gamepad
                                                            ;            1000'0000: Is a Joystick
                                                            ; 
                                                            ;        Gamepad Controller Type (bits 0-3):
                                                            ;            0:  Unknown
                                                            ;            1:  Standard
                                                            ;            2:  Xbox360
                                                            ;            3:  XboxOne
                                                            ;            4:  PS3
                                                            ;            5:  PS4
                                                            ;            6:  PS5
                                                            ;            7:  Nintendo Switch Pro
                                                            ;            8:  Nintendo Switch Joycon Left
                                                            ;            9:  Nintendo Switch Joycon Right
                                                            ; 
                                                            ;        Joystick Controller Type (bits 0-3):
                                                            ;            0:  Unknown
                                                            ;            1:  Gamepad
                                                            ;            2:  Wheel
                                                            ;            3:  Arcade Stick
                                                            ;            4:  Flight Stick
                                                            ;            5:  Dance Pad
                                                            ;            6:  Guitar
                                                            ;            7:  Drum Kit
                                                            ;            8:  Arcade Pad
                                                            ;            9:  Throttle
                                                            ; 
FE51                  JOYS_2_BTN            equ    $FE51    ; (Word) Button Bits: Room For up to 16 Buttons  (realtime)
                                                            ;        Joystick Button Bits:
                                                            ;            0000'0000'0000'0000 = Nothing Pressed
                                                            ;            0000'0000'0000'0001 = Button 1 
                                                            ;            0000'0000'0000'0010 = Button 2 
                                                            ;            0000'0000'0000'0100 = Button 3 
                                                            ;            0000'0000'0000'1000 = Button 4 
                                                            ;            0000'0000'0001'0000 = Button 5 
                                                            ;            0000'0000'0010'0000 = Button 6 
                                                            ;            0000'0000'0100'0000 = Button 7 
                                                            ;            0000'0000'1000'0000 = Button 8 
                                                            ;            0000'0001'0000'0000 = Button 9 
                                                            ;            0000'0010'0000'0000 = Button 10
                                                            ;            0000'0100'0000'0000 = Button 11
                                                            ;            0000'1000'0000'0000 = Button 12
                                                            ;            0001'0000'0000'0000 = Hat Up   
                                                            ;            0010'0000'0000'0000 = Hat Down 
                                                            ;            0100'0000'0000'0000 = Hat Left 
                                                            ;            1000'0000'0000'0000 = Hat Right
                                                            ;            1111'1111'1111'1111 = Not Connected
                                                            ; 
FE53                  JOYS_2_DBND           equ    $FE53    ; (Byte) PAD 2 analog deadband; default is 5   (read/write)
FE54                  JOYS_2_LTX            equ    $FE54    ; (char) PAD 2 LThumb-X position (-128 _ +127)   (realtime)
FE55                  JOYS_2_LTY            equ    $FE55    ; (char) PAD 2 LThumb-Y position (-128 _ +127)   (realtime)
FE56                  JOYS_2_RTX            equ    $FE56    ; (char) PAD 2 RThumb-X position (-128 _ +127)   (realtime)
FE57                  JOYS_2_RTY            equ    $FE57    ; (char) PAD 2 RThumb-Y position (-128 _ +127)   (realtime)
FE58                  JOYS_2_Z1             equ    $FE58    ; (char) PAD 2 left analog trigger (0 - 127)     (realtime)
FE59                  JOYS_2_Z2             equ    $FE59    ; (char) PAD 2 left analog trigger (0 - 127)     (realtime)
FE59                  JOYS_END              equ    $FE59    ; End of Joystick/Gamepad Device Register Space
FE5A                  JOYS_TOP              equ    $FE5A    ; Top of Joystick/Gamepad Device Register Space
                      ; _______________________________________________________________________
                      
FE5A                  FIO_DEVICE            equ    $FE5A    ; START: File I/O Device Hardware Registers
FE5A                  FIO_ERROR             equ    $FE5A    ; (Byte) FILE_ERROR enumeration result (FE_<error>)
                                                            ; 
0000                  FE_BEGIN              equ    $0000    ;   Begin FILE_ERROR enumeration 
0000                  FE_NOERROR            equ    $0000    ;      no error, condition normal
0001                  FE_NOTFOUND           equ    $0001    ;      file or folder not found  
0002                  FE_NOTOPEN            equ    $0002    ;      file not open             
0003                  FE_EOF                equ    $0003    ;      end of file               
0004                  FE_OVERRUN            equ    $0004    ;      buffer overrun            
0005                  FE_WRONGTYPE          equ    $0005    ;      wrong file type           
0006                  FE_BAD_CMD            equ    $0006    ;      invalid command           
0007                  FE_BADSTREAM          equ    $0007    ;      invalid file stream       
0007                  FE_NOT_EMPTY          equ    $0007    ;      directory not empty       
0007                  FE_FILE_EXISTS        equ    $0007    ;      file already exists       
0007                  FE_INVALID_NAME       equ    $0007    ;      invalid file name         
0007                  FE_LAST               equ    $0007    ;   End of FILE_ERROR enumeration
                                                            ; 
FE5B                  FIO_COMMAND           equ    $FE5B    ; (Byte) Execute a File Command (FC_<cmd>)
                                                            ; 
0000                  FC_BEGIN              equ    $0000    ;   Begin FIO_COMMAND enumeration           
0000                  FC_RESET              equ    $0000    ;     Reset                                 
0001                  FC_SHUTDOWN           equ    $0001    ;     SYSTEM: Shutdown                      
0002                  FC_COMPDATE           equ    $0002    ;     SYSTEM: Load Compilation Date         
0003                  FC_FILEEXISTS         equ    $0003    ;     Does File Exist (return in FIO_IODATA)
0004                  FC_OPENREAD           equ    $0004    ;     Open Binary File For Reading          
0005                  FC_OPENWRITE          equ    $0005    ;     Open Binary File For Writing          
0006                  FC_OPENAPPEND         equ    $0006    ;     Open Binary File For Appending        
0007                  FC_CLOSEFILE          equ    $0007    ;     Close File                            
0008                  FC_READBYTE           equ    $0008    ;     Read Byte (into FIO_IOBYTE)           
0009                  FC_WRITEBYTE          equ    $0009    ;     Write Byte (from FIO_IOBYTE)          
000A                  FC_LOADHEX            equ    $000A    ;     Load Hex Format File                  
000B                  FC_GETLENGTH          equ    $000B    ;     Get File Length (into FIO_IOWORD)     
000C                  FC_LISTDIR            equ    $000C    ;     List Directory                        
000D                  FC_MAKEDIR            equ    $000D    ;     Make Directory                        
000E                  FC_CHANGEDIR          equ    $000E    ;     Change Directory                      
000F                  FC_GETPATH            equ    $000F    ;     Fetch Current Path                    
0010                  FC_REN_DIR            equ    $0010    ;     Rename Directory                      
0011                  FC_DEL_DIR            equ    $0011    ;     Delete Directory                      
0012                  FC_DEL_FILE           equ    $0012    ;     Delete File                           
0013                  FC_REN_FILE           equ    $0013    ;     Rename File                           
0014                  FC_COPY_FILE          equ    $0014    ;     Copy File                             
0015                  FC_SEEK_START         equ    $0015    ;     Seek Start                            
0016                  FC_SEEK_END           equ    $0016    ;     Seek End                              
0017                  FC_SET_SEEK           equ    $0017    ;     Set Seek Position (from FIO_IOWORD)   
0018                  FC_GET_SEEK           equ    $0018    ;     Get Seek Position (into FIO_IOWORD)   
0018                  FC_LAST               equ    $0018    ;   End FIO_COMMAND enumeration             
                                                            ; 
FE5C                  FIO_HANDLE            equ    $FE5C    ; (Byte) Current File Stream HANDLE (0=NONE)
FE5D                  FIO_SEEKPOS           equ    $FE5D    ; (DWord) File Seek Position
FE61                  FIO_IODATA            equ    $FE61    ; (Byte) Input / Output Data
                                                            ; 
FE62                  FIO_PATH_LEN          equ    $FE62    ; (Byte) Length of the Primary Filepath        (Read Only)
FE63                  FIO_PATH_POS          equ    $FE63    ; (Byte) Character Position Within the Primary Filepath
FE64                  FIO_PATH_DATA         equ    $FE64    ; (Byte) Data at the Character Position of the Primary Path
                                                            ; 
FE65                  FIO_ALT_PATH_LEN      equ    $FE65    ; (Byte) Length of the alternate Filepath        (Read Only)
FE66                  FIO_ALT_PATH_POS      equ    $FE66    ; (Byte) Character Position Within the Alternate Filepath
FE67                  FIO_ALT_PATH_DATA     equ    $FE67    ; (Byte) Data at the Character Position of the Alternate Path
                                                            ; 
FE68                  FIO_DIR_DATA          equ    $FE68    ; (Byte) A Series of Null-Terminated Filenames
                                                            ;   NOTE: Current read-position is reset to the beginning
                                                            ;     following a List Directory command. The read-position
                                                            ;     is automatically advanced on read from this register.
                                                            ;     Each filename is $0A-terminated. The list itself is
                                                            ;     null-terminated.
                                                            ; 
FE68                  FIO_END               equ    $FE68    ; End of FIO Device Register Space
FE69                  FIO_TOP               equ    $FE69    ; Top of FIO Device Register Space
                      ; _______________________________________________________________________
                      
FE69                  MATH_DEVICE           equ    $FE69    ; START: Math Co-Processor Device Hardware Registers
FE69                  MATH_ACA_POS          equ    $FE69    ; (Byte) Character Position Within the ACA Float String
FE6A                  MATH_ACA_DATA         equ    $FE6A    ; (Byte) ACA Float String Character Port
FE6B                  MATH_ACA_RAW          equ    $FE6B    ; (4-Bytes) ACA Raw Float Data
FE6F                  MATH_ACA_INT          equ    $FE6F    ; (4-Bytes) ACA Integer Data
                                                            ; 
FE73                  MATH_ACB_POS          equ    $FE73    ; (Byte) Character Position Within the ACB Float String
FE74                  MATH_ACB_DATA         equ    $FE74    ; (Byte) ACB Float String Character Port
FE75                  MATH_ACB_RAW          equ    $FE75    ; (4-Bytes) ACB Raw Float Data
FE79                  MATH_ACB_INT          equ    $FE79    ; (4-Bytes) ACB Integer Data
                                                            ; 
FE7D                  MATH_ACR_POS          equ    $FE7D    ; (Byte) Character Position Within the ACR Float String
FE7E                  MATH_ACR_DATA         equ    $FE7E    ; (Byte) ACR Float String Character Port
FE7F                  MATH_ACR_RAW          equ    $FE7F    ; (4-Bytes) ACR Raw Float Data
FE83                  MATH_ACR_INT          equ    $FE83    ; (4-Bytes) ACR Integer Data
                                                            ; 
FE87                  MATH_OPERATION        equ    $FE87    ; (Byte) ACA Float String Character Port   (On Write)
0000                  MOP_BEGIN             equ    $0000    ;   BEGIN Math Operation Enumeration:
0000                  MOP_RANDOM            equ    $0000    ;     ACA, ACB, and ACR are set to randomized values
0001                  MOP_RND_SEED          equ    $0001    ;     MATH_ACA_INT seeds the pseudo-random number generator
0002                  MOP_IS_EQUAL          equ    $0002    ;     (bool)ACR = (ACA == ACB)
0003                  MOP_IS_NOT_EQUAL      equ    $0003    ;     (bool)ACR = (ACA != ACB)
0004                  MOP_IS_LESS           equ    $0004    ;     (bool)ACR = std::isless(ACA, ACB)
0005                  MOP_IS_GREATER        equ    $0005    ;     (bool)ACR = std::isgreater(ACA, ACB)
0006                  MOP_IS_LTE            equ    $0006    ;     (bool)ACR = std::islessequal(ACA, ACB)
0007                  MOP_IS_GTE            equ    $0007    ;     (bool)ACR = std::islessgreater(ACA, ACB)
0008                  MOP_IS_FINITE         equ    $0008    ;     (bool)ACR = std::isfinite(ACA)
0009                  MOP_IS_INF            equ    $0009    ;     (bool)ACR = std::isinf(ACA)
000A                  MOP_IS_NAN            equ    $000A    ;     (bool)ACR = std::isnan(ACA)
000B                  MOP_IS_NORMAL         equ    $000B    ;     (bool)ACR = std::isnormal(ACA)
000C                  MOP_SIGNBIT           equ    $000C    ;     (bool)ACR = std::signbit(ACA)
000D                  MOP_SUBTRACT          equ    $000D    ;     ACR = ACA - ACB
000E                  MOP_ADD               equ    $000E    ;     ACR = ACA + ACB
000F                  MOP_MULTIPLY          equ    $000F    ;     ACR = ACA * ACB
0010                  MOP_DIVIDE            equ    $0010    ;     ACR = ACA / ACB
0011                  MOP_FMOD              equ    $0011    ;     ACR = std::fmod(ACA, ACB)
0012                  MOP_REMAINDER         equ    $0012    ;     ACR = std::remainder(ACA, ACB)
0013                  MOP_FMAX              equ    $0013    ;     ACR = std::fmax(ACA, ACB)
0014                  MOP_FMIN              equ    $0014    ;     ACR = std::fmin(ACA, ACB)
0015                  MOP_FDIM              equ    $0015    ;     ACR = std::fdim(ACA, ACB)
0016                  MOP_EXP               equ    $0016    ;     ACR = std::exp(ACA)
0017                  MOP_EXP2              equ    $0017    ;     ACR = std::exp2(ACA)
0018                  MOP_EXPM1             equ    $0018    ;     ACR = std::expm1(ACA)
0019                  MOP_LOG               equ    $0019    ;     ACR = std::log(ACA)
001A                  MOP_LOG10             equ    $001A    ;     ACR = std::log10(ACA)
001B                  MOP_LOG2              equ    $001B    ;     ACR = std::log2(ACA)
001C                  MOP_LOG1P             equ    $001C    ;     ACR = std::log1p(ACA)
001D                  MOP_SQRT              equ    $001D    ;     ACR = std::sqrt(ACA)
001E                  MOP_CBRT              equ    $001E    ;     ACR = std::cbrt(ACA)
001F                  MOP_HYPOT             equ    $001F    ;     ACR = std::hypot(ACA, ACB)
0020                  MOP_POW               equ    $0020    ;     ACR = std::pow(ACA, ACB)
0021                  MOP_SIN               equ    $0021    ;     ACR = std::sin(ACA)
0022                  MOP_COS               equ    $0022    ;     ACR = std::cos(ACA)
0023                  MOP_TAN               equ    $0023    ;     ACR = std::tan(ACA)
0024                  MOP_ASIN              equ    $0024    ;     ACR = std::asin(ACA)
0025                  MOP_ACOS              equ    $0025    ;     ACR = std::acos(ACA)
0026                  MOP_ATAN              equ    $0026    ;     ACR = std::atan(ACA)
0027                  MOP_ATAN2             equ    $0027    ;     ACR = std::atan2(ACA, ACB)
0028                  MOP_SINH              equ    $0028    ;     ACR = std::sinh(ACA)
0029                  MOP_COSH              equ    $0029    ;     ACR = std::acosh(ACA)
002A                  MOP_ATANH             equ    $002A    ;     ACR = std::atanh(ACA)
002B                  MOP_ERF               equ    $002B    ;     ACR = std::erf(ACA)
002C                  MOP_ERFC              equ    $002C    ;     ACR = std::erfc(ACA)
002D                  MOP_LGAMMA            equ    $002D    ;     ACR = std::lgamma(ACA)
002E                  MOP_TGAMMA            equ    $002E    ;     ACR = std::tgamma(ACA)
002F                  MOP_CEIL              equ    $002F    ;     ACR = std::ceil(ACA)
0030                  MOP_FLOOR             equ    $0030    ;     ACR = std::floor(ACA)
0031                  MOP_TRUNC             equ    $0031    ;     ACR = std::trunc(ACA)
0032                  MOP_ROUND             equ    $0032    ;     ACR = std::round(ACA)
0033                  MOP_LROUND            equ    $0033    ;     ACR = std::lround(ACA)
0034                  MOP_NEARBYINT         equ    $0034    ;     ACR = std::nearbyint(ACA)
0035                  MOP_ILOGB             equ    $0035    ;     ACR = std::ilogb(ACA)
0036                  MOP_LOGB              equ    $0036    ;     ACR = std::logb(ACA)
0037                  MOP_NEXTAFTER         equ    $0037    ;     ACR = std::nextafter(ACA, ACB)
0038                  MOP_COPYSIGN          equ    $0038    ;     ACR = std::copysign(ACA, ACB)
0039                  MOP_LASTOP            equ    $0039    ;   END Math Operation Enumeration
FE87                  MATH_END              equ    $FE87    ; End of Math Co-Processor Register Space
FE88                  MATH_TOP              equ    $FE88    ; Top of Math Co-Processor Register Space
                      ; _______________________________________________________________________
                      
FE88                  HDW_RESERVED_DEVICE   equ    $FE88    ; START: Reserved Register Space
FFF0                  HDW_REG_END           equ    $FFF0    ; 360 bytes reserved for future use.
                      ; _______________________________________________________________________
                      
FFF0                  ROM_VECTS_DEVICE      equ    $FFF0    ; START: Hardware Interrupt Vectors
FFF0                  HARD_EXEC             equ    $FFF0    ; EXEC Hardware Interrupt Vector
FFF2                  HARD_SWI3             equ    $FFF2    ; SWI3 Hardware Interrupt Vector
FFF4                  HARD_SWI2             equ    $FFF4    ; SWI2 Hardware Interrupt Vector
FFF6                  HARD_FIRQ             equ    $FFF6    ; FIRQ Hardware Interrupt Vector
FFF8                  HARD_IRQ              equ    $FFF8    ; IRQ Hardware Interrupt Vector
FFFA                  HARD_SWI              equ    $FFFA    ; SWI / SYS Hardware Interrupt Vector
FFFC                  HARD_NMI              equ    $FFFC    ; NMI Hardware Interrupt Vector
FFFE                  HARD_RESET            equ    $FFFE    ; RESET Hardware Interrupt Vector
                      
                      
                      ; END of memory_map.asm definitions
                      
                      
                      
0000                                          org     SOFT_VECTORS_DEVICE
                      
0000  0000                                    fdb     #0      ; SOFT_EXEC                                     
0002  0000                                    fdb     #0      ; SOFT_SWI3             
0004  0000                                    fdb     #0      ; SOFT_SWI2             
0006  0000                                    fdb     #0      ; SOFT_FIRQ             
0008  0000                                    fdb     #0      ; SOFT_IRQ              
000A  0000                                    fdb     #0      ; SOFT_SWI              
000C  0000                                    fdb     #0      ; SOFT_NMI              
000E  0000                                    fdb     #0      ; SOFT_RESET            
                      
FFFE                                          org     HARD_RESET
FFFE  F000                                    fdb     start
                      
                      ; ---------------------------------------------------------------------
                      
                      
F000                                          org     KERNEL_START
                      
F000  2017            start                   bra     begin
                      
F002  4B65726E656C2056657273696F6E3A2000 vers_label              fcn     "Kernel Version: "
F013  302E302E3100    vers_number             fcn     "0.0.1"
                      
F019                  begin                   ; warm reset?
F019  FC000E                                  ldd     SOFT_RESET
                                              ; cmpd  #0
F01C  2704                                    beq     krnl_cold_reset
F01E  6E9F000E                                jmp     [SOFT_RESET]
                                              
F022                  krnl_cold_reset         ; cold reset
F022  CCF03A                                  ldd     #krnl_warm_reset
F025  FD000E                                  std     SOFT_RESET
                                              ; ...
                                              ; clear out system memory
F028  8E0010          krnl_clear_mem          ldx     #SYSTEM_MEMORY_DEVICE
F02B  CE0400                                  ldu     #VIDEO_START
F02E  CC0000                                  ldd     #$0000
F031  AFC4            1                       stx     ,u                      ; cycle first character to show progress
F033  ED81                                    std     ,x++
F035  8CF000                                  cmpx    #KERNEL_ROM_DEVICE
F038  26F7                                    bne     1b
                                              ; ...
F03A                  krnl_warm_reset         ; common start up code
                                              ;
                                              ; for now simply set the SP
F03A  10CE0400                                lds     #SSTACK_TOP
                                              ; ...
                      
                      
                      
                      ; ----------------------  MAIN LOOP  --------------------------------------
                                              ; cycle video memory
F03E  CC0100                                  ldd     #$0100
F041  8E0400          1                       ldx     #VIDEO_START            
F044  C30001                                  addd    #1
F047  ED81            2                       std     ,x++
F049  C30001                                  addd    #1
F04C  BCFE0D                                  cmpx    GPU_VIDEO_MAX
F04F  2DF6                                    blt     2b
F051  20EE                                    bra     1b
                      
                      
                      
